<?xml version="1.0" encoding="UTF-8"?>
<!-- Generated by org.testng.reporters.JUnitReportReporter -->
<testsuite hostname="PC_KANHAIYA" failures="0" tests="3" name="com.qa.opencart.tests.RegisterPageTest" time="45.507" errors="0" timestamp="29 Oct 2023 01:49:27 GMT" skipped="0">
  <testcase classname="com.qa.opencart.tests.RegisterPageTest" name="userRegTest" time="14.825"/>
  <testcase classname="com.qa.opencart.tests.RegisterPageTest" name="userRegTest" time="15.929"/>
  <testcase classname="com.qa.opencart.tests.RegisterPageTest" name="userRegTest" time="14.753"/>
</testsuite> <!-- com.qa.opencart.tests.RegisterPageTest -->
