<?xml version="1.0" encoding="UTF-8"?>
<!-- Generated by org.testng.reporters.JUnitReportReporter -->
<testsuite hostname="PC_KANHAIYA" failures="0" tests="4" name="com.qa.opencart.tests.LogiinPageTest" time="0.549" errors="0" timestamp="01 Sep 2023 15:13:51 GMT" skipped="0">
  <testcase classname="com.qa.opencart.tests.LogiinPageTest" name="logiinPageUrlTest" time="0.012"/>
  <testcase classname="com.qa.opencart.tests.LogiinPageTest" name="loginTest" time="0.473"/>
  <testcase classname="com.qa.opencart.tests.LogiinPageTest" name="logiinPageTitleTest" time="0.012"/>
  <testcase classname="com.qa.opencart.tests.LogiinPageTest" name="forgotPwdLinkExistTest" time="0.052"/>
</testsuite> <!-- com.qa.opencart.tests.LogiinPageTest -->
