<?xml version="1.0" encoding="UTF-8"?>
<!-- Generated by org.testng.reporters.JUnitReportReporter -->
<testsuite hostname="PC_KANHAIYA" failures="0" tests="5" name="com.qa.opencart.tests.ProductPageInfoTest" time="22.547" errors="0" timestamp="29 Oct 2023 01:49:27 GMT" skipped="0">
  <testcase classname="com.qa.opencart.tests.ProductPageInfoTest" name="productImagesCountTest" time="3.753"/>
  <testcase classname="com.qa.opencart.tests.ProductPageInfoTest" name="addToCartTest" time="7.592"/>
  <testcase classname="com.qa.opencart.tests.ProductPageInfoTest" name="productImagesCountTest" time="3.652"/>
  <testcase classname="com.qa.opencart.tests.ProductPageInfoTest" name="productInfoTest" time="4.135"/>
  <testcase classname="com.qa.opencart.tests.ProductPageInfoTest" name="productImagesCountTest" time="3.415"/>
</testsuite> <!-- com.qa.opencart.tests.ProductPageInfoTest -->
