<?xml version="1.0" encoding="UTF-8"?>
<!-- Generated by org.testng.reporters.JUnitReportReporter -->
<testsuite hostname="PC_KANHAIYA" failures="0" tests="4" name="com.qa.opencart.tests.LoginPageTest" time="4.151" errors="0" timestamp="04 Nov 2023 07:37:40 GMT" skipped="0">
  <testcase classname="com.qa.opencart.tests.LoginPageTest" name="loginPageTitleTest" time="0.174"/>
  <testcase classname="com.qa.opencart.tests.LoginPageTest" name="loginPageURLTest" time="0.028"/>
  <testcase classname="com.qa.opencart.tests.LoginPageTest" name="loginTest" time="3.855"/>
  <testcase classname="com.qa.opencart.tests.LoginPageTest" name="forgotPWDLinkExistTest" time="0.094"/>
</testsuite> <!-- com.qa.opencart.tests.LoginPageTest -->
